2017-04-19 16:25:09.1883|INFO|TorServices.Logging.NLogger|JSON
Method: POST
URL: http://localhost:62423/api/tor-service/get/token
Controller : TorServices.Controllers.AuthenticateController
Action : Authenticate
Action Parameter : System.Web.Http.Tracing.ITraceWriterExtensions+<>c__DisplayClass7

2017-04-19 16:25:29.7846|INFO|TorServices.Logging.NLogger|JSON
Method: POST
URL: http://localhost:62423/api/tor-service/search
Token: 58d36b0c-9faa-4b91-9cb2-f12b335814a5
Controller : TorServices.Controllers.SearchController
Action : Search
Action Parameter : System.Web.Http.Tracing.ITraceWriterExtensions+<>c__DisplayClass7

2017-04-19 16:40:36.8398|INFO|TorServices.Logging.NLogger|JSON
Method: POST
URL: http://localhost:62423/api/tor-service/search
Token: 58d36b0c-9faa-4b91-9cb2-f12b335814a5
Controller : TorServices.Controllers.SearchController
Action : Search
Action Parameter : System.Web.Http.Tracing.ITraceWriterExtensions+<>c__DisplayClass7

2017-04-19 18:09:57.7112|INFO|TorServices.Logging.NLogger|JSON
Method: POST
URL: http://localhost:62423/api/tor-service/get/token
Controller : TorServices.Controllers.AuthenticateController
Action : Authenticate
Action Parameter : System.Web.Http.Tracing.ITraceWriterExtensions+<>c__DisplayClass7

2017-04-19 18:10:23.7245|INFO|TorServices.Logging.NLogger|JSON
Method: POST
URL: http://localhost:62423/api/tor-service/search
Token: d826c0e2-2efd-479d-ad96-d17116f75018
Controller : TorServices.Controllers.SearchController
Action : Search
Action Parameter : System.Web.Http.Tracing.ITraceWriterExtensions+<>c__DisplayClass7

2017-04-19 18:13:29.7743|INFO|TorServices.Logging.NLogger|JSON
Method: POST
URL: http://localhost:62423/api/tor-service/search
Token: d826c0e2-2efd-479d-ad96-d17116f75018
Controller : TorServices.Controllers.SearchController
Action : Search
Action Parameter : System.Web.Http.Tracing.ITraceWriterExtensions+<>c__DisplayClass7

2017-04-19 18:15:16.1703|INFO|TorServices.Logging.NLogger|JSON
Method: POST
URL: http://localhost:62423/api/tor-service/search
Token: d826c0e2-2efd-479d-ad96-d17116f75018
Controller : TorServices.Controllers.SearchController
Action : Search
Action Parameter : System.Web.Http.Tracing.ITraceWriterExtensions+<>c__DisplayClass7

2017-04-19 18:16:54.1702|INFO|TorServices.Logging.NLogger|JSON
Method: POST
URL: http://localhost:62423/api/tor-service/search
Token: d826c0e2-2efd-479d-ad96-d17116f75018
Controller : TorServices.Controllers.SearchController
Action : Search
Action Parameter : System.Web.Http.Tracing.ITraceWriterExtensions+<>c__DisplayClass7

2017-04-19 18:17:12.1760|INFO|TorServices.Logging.NLogger|JSON
Method: POST
URL: http://localhost:62423/api/tor-service/search
Token: d826c0e2-2efd-479d-ad96-d17116f75018
Controller : TorServices.Controllers.SearchController
Action : Search
Action Parameter : System.Web.Http.Tracing.ITraceWriterExtensions+<>c__DisplayClass7

2017-04-19 18:18:19.7439|INFO|TorServices.Logging.NLogger|JSON
Method: POST
URL: http://localhost:62423/api/tor-service/search
Token: d826c0e2-2efd-479d-ad96-d17116f75018
Controller : TorServices.Controllers.SearchController
Action : Search
Action Parameter : System.Web.Http.Tracing.ITraceWriterExtensions+<>c__DisplayClass7

2017-04-19 18:25:06.1168|INFO|TorServices.Logging.NLogger|JSON
Method: POST
URL: http://localhost:62423/api/tor-service/search
Token: d826c0e2-2efd-479d-ad96-d17116f75018
Controller : TorServices.Controllers.SearchController
Action : Search
Action Parameter : System.Web.Http.Tracing.ITraceWriterExtensions+<>c__DisplayClass7

2017-04-19 18:26:01.5126|INFO|TorServices.Logging.NLogger|JSON
Method: POST
URL: http://localhost:62423/api/tor-service/search
Token: d826c0e2-2efd-479d-ad96-d17116f75018
Controller : TorServices.Controllers.SearchController
Action : Search
Action Parameter : System.Web.Http.Tracing.ITraceWriterExtensions+<>c__DisplayClass7

2017-04-19 18:26:41.0119|INFO|TorServices.Logging.NLogger|JSON
Method: POST
URL: http://localhost:62423/api/tor-service/search
Token: d826c0e2-2efd-479d-ad96-d17116f75018
Controller : TorServices.Controllers.SearchController
Action : Search
Action Parameter : System.Web.Http.Tracing.ITraceWriterExtensions+<>c__DisplayClass7

2017-04-19 18:28:45.6333|INFO|TorServices.Logging.NLogger|JSON
Method: POST
URL: http://localhost:62423/api/tor-service/search
Token: d826c0e2-2efd-479d-ad96-d17116f75018
Controller : TorServices.Controllers.SearchController
Action : Search
Action Parameter : System.Web.Http.Tracing.ITraceWriterExtensions+<>c__DisplayClass7

2017-04-19 18:32:53.8526|INFO|TorServices.Logging.NLogger|JSON
Method: POST
URL: http://localhost:62423/api/tor-service/search
Token: d826c0e2-2efd-479d-ad96-d17116f75018
Controller : TorServices.Controllers.SearchController
Action : Search
Action Parameter : System.Web.Http.Tracing.ITraceWriterExtensions+<>c__DisplayClass7

2017-04-19 18:35:43.3525|INFO|TorServices.Logging.NLogger|JSON
Method: POST
URL: http://localhost:62423/api/tor-service/search
Token: d826c0e2-2efd-479d-ad96-d17116f75018
Controller : TorServices.Controllers.SearchController
Action : Search
Action Parameter : System.Web.Http.Tracing.ITraceWriterExtensions+<>c__DisplayClass7

2017-04-19 18:35:59.7674|INFO|TorServices.Logging.NLogger|JSON
Method: POST
URL: http://localhost:62423/api/tor-service/search
Token: d826c0e2-2efd-479d-ad96-d17116f75018
Controller : TorServices.Controllers.SearchController
Action : Search
Action Parameter : System.Web.Http.Tracing.ITraceWriterExtensions+<>c__DisplayClass7

2017-04-19 18:36:35.1908|INFO|TorServices.Logging.NLogger|JSON
Method: POST
URL: http://localhost:62423/api/tor-service/search
Token: d826c0e2-2efd-479d-ad96-d17116f75018
Controller : TorServices.Controllers.SearchController
Action : Search
Action Parameter : System.Web.Http.Tracing.ITraceWriterExtensions+<>c__DisplayClass7

2017-04-19 18:36:47.9346|INFO|TorServices.Logging.NLogger|JSON
Method: POST
URL: http://localhost:62423/api/tor-service/search
Token: d826c0e2-2efd-479d-ad96-d17116f75018
Controller : TorServices.Controllers.SearchController
Action : Search
Action Parameter : System.Web.Http.Tracing.ITraceWriterExtensions+<>c__DisplayClass7

2017-04-19 18:36:59.9280|INFO|TorServices.Logging.NLogger|JSON
Method: POST
URL: http://localhost:62423/api/tor-service/search
Token: d826c0e2-2efd-479d-ad96-d17116f75018
Controller : TorServices.Controllers.SearchController
Action : Search
Action Parameter : System.Web.Http.Tracing.ITraceWriterExtensions+<>c__DisplayClass7

2017-04-19 18:37:33.9043|INFO|TorServices.Logging.NLogger|JSON
Method: POST
URL: http://localhost:62423/api/tor-service/search
Token: d826c0e2-2efd-479d-ad96-d17116f75018
Controller : TorServices.Controllers.SearchController
Action : Search
Action Parameter : System.Web.Http.Tracing.ITraceWriterExtensions+<>c__DisplayClass7

